<?xml version="1.0" encoding="UTF-8"?>
<!-- Generated by org.testng.reporters.JUnitReportReporter -->
<testsuite hostname="DESKTOP-9I21STL" failures="0" tests="3" name="practice.test.SampleReportTest" time="0.122" errors="0" timestamp="2025-03-08T14:51:01 IST" skipped="0">
  <testcase classname="practice.test.SampleReportTest" name="createContactWithPhoneNumber" time="0.009"/>
  <testcase classname="practice.test.SampleReportTest" name="createContactWithORG" time="0.009"/>
  <testcase classname="practice.test.SampleReportTest" name="createContactTest" time="0.104"/>
</testsuite> <!-- practice.test.SampleReportTest -->
