<?xml version="1.0" encoding="UTF-8"?>
<!-- Generated by org.testng.reporters.JUnitReportReporter -->
<testsuite hostname="DESKTOP-9I21STL" failures="0" tests="1" name="practice.test.SampleTestForScreenshot" time="17.000" errors="0" timestamp="2025-03-08T13:16:39 IST" skipped="0">
  <testcase classname="practice.test.SampleTestForScreenshot" name="amazonTest" time="17.000"/>
</testsuite> <!-- practice.test.SampleTestForScreenshot -->
